<?xml version="1.0" encoding="UTF-8"?>
<!-- Generated by org.testng.reporters.JUnitXMLReporter -->
<testsuite hostname="CBT-002" name="AutomationTest3" tests="1" failures="0" timestamp="4 Sep 2016 07:44:13 GMT" time="1.125" errors="0">
  <testcase name="@BeforeMethod launchApp" time="0.0" classname="delta.main.DeltaDriver">
    <failure type="java.net.MalformedURLException" message="no protocol: url">
      <![CDATA[java.net.MalformedURLException: no protocol: url
	at java.net.URL.<init>(Unknown Source)
	at java.net.URL.<init>(Unknown Source)
	at java.net.URL.<init>(Unknown Source)
	at delta.main.DeltaDriver.launchApp(DeltaDriver.java:33)
	at java.util.concurrent.FutureTask.run(Unknown Source)
	at java.util.concurrent.ThreadPoolExecutor.runWorker(Unknown Source)
	at java.util.concurrent.ThreadPoolExecutor$Worker.run(Unknown Source)
	at java.lang.Thread.run(Unknown Source)
... Removed 18 stack frames]]>
    </failure>
  </testcase> <!-- @BeforeMethod launchApp -->
  <testcase name="@AfterMethod quitApp" time="0.0" classname="delta.main.DeltaDriver">
    <skipped/>
  </testcase> <!-- @AfterMethod quitApp -->
  <testcase name="@AfterTest endFrameWork" time="0.0" classname="delta.main.DeltaDriver">
    <skipped/>
  </testcase> <!-- @AfterTest endFrameWork -->
  <testcase name="testScenerios" time="0.015" classname="delta.main.DeltaDriver">
    <skipped/>
  </testcase> <!-- testScenerios -->
</testsuite> <!-- AutomationTest3 -->
